<?xml version="1.0" encoding="UTF-8"?>
<!-- Generated by org.testng.reporters.JUnitXMLReporter -->
<testsuite hostname="DESKTOP-MDBLIRD" ignored="0" name="BasicFunctionality" tests="2" failures="0" timestamp="20 Jul 2020 12:00:26 GMT" time="29.709" errors="0">
  <testcase name="ManagerAccess" time="5.533" classname="com.moodys.meerqats.testcases.LoginAsManager"/>
  <testcase name="ReviewerAccess" time="7.937" classname="com.moodys.meerqats.testcases.LoginAsReviewer"/>
</testsuite> <!-- BasicFunctionality -->
