<?xml version="1.0" encoding="UTF-8"?>
<testng-results skipped="0" failed="0" ignored="0" total="3" passed="3">
  <reporter-output>
  </reporter-output>
  <suite name="MeerQATS" duration-ms="46121" started-at="2020-07-22T14:20:25Z" finished-at="2020-07-22T14:21:11Z">
    <groups>
    </groups>
    <test name="BasicFunctionality" duration-ms="46121" started-at="2020-07-22T14:20:25Z" finished-at="2020-07-22T14:21:11Z">
      <class name="com.moodys.meerqats.testcases.LoginAsAdmin">
        <test-method status="PASS" signature="Base()[pri:0, instance:com.moodys.meerqats.testcases.LoginAsAdmin@4b9e13df]" name="Base" is-config="true" duration-ms="6356" started-at="2020-07-22T14:20:52Z" finished-at="2020-07-22T14:20:58Z">
          <reporter-output>
          </reporter-output>
        </test-method> <!-- Base -->
        <test-method status="PASS" signature="ManagerAccess()[pri:0, instance:com.moodys.meerqats.testcases.LoginAsAdmin@4b9e13df]" name="ManagerAccess" duration-ms="11700" started-at="2020-07-22T14:20:58Z" finished-at="2020-07-22T14:21:10Z">
          <reporter-output>
          </reporter-output>
        </test-method> <!-- ManagerAccess -->
        <test-method status="PASS" signature="teardown()[pri:0, instance:com.moodys.meerqats.testcases.LoginAsAdmin@4b9e13df]" name="teardown" is-config="true" duration-ms="863" started-at="2020-07-22T14:21:10Z" finished-at="2020-07-22T14:21:11Z">
          <reporter-output>
          </reporter-output>
        </test-method> <!-- teardown -->
      </class> <!-- com.moodys.meerqats.testcases.LoginAsAdmin -->
      <class name="com.moodys.meerqats.testcases.LoginAsReviewer">
        <test-method status="PASS" signature="Base()[pri:0, instance:com.moodys.meerqats.testcases.LoginAsReviewer@cb5822]" name="Base" is-config="true" duration-ms="6752" started-at="2020-07-22T14:20:38Z" finished-at="2020-07-22T14:20:45Z">
          <reporter-output>
          </reporter-output>
        </test-method> <!-- Base -->
        <test-method status="PASS" signature="ReviewerAccess()[pri:0, instance:com.moodys.meerqats.testcases.LoginAsReviewer@cb5822]" name="ReviewerAccess" duration-ms="5257" started-at="2020-07-22T14:20:45Z" finished-at="2020-07-22T14:20:50Z">
          <reporter-output>
          </reporter-output>
        </test-method> <!-- ReviewerAccess -->
        <test-method status="PASS" signature="teardown()[pri:0, instance:com.moodys.meerqats.testcases.LoginAsReviewer@cb5822]" name="teardown" is-config="true" duration-ms="1656" started-at="2020-07-22T14:20:50Z" finished-at="2020-07-22T14:20:52Z">
          <reporter-output>
          </reporter-output>
        </test-method> <!-- teardown -->
      </class> <!-- com.moodys.meerqats.testcases.LoginAsReviewer -->
      <class name="com.moodys.meerqats.testcases.LoginAsManager">
        <test-method status="PASS" signature="Base()[pri:0, instance:com.moodys.meerqats.testcases.LoginAsManager@18be83e4]" name="Base" is-config="true" duration-ms="6992" started-at="2020-07-22T14:20:25Z" finished-at="2020-07-22T14:20:32Z">
          <reporter-output>
          </reporter-output>
        </test-method> <!-- Base -->
        <test-method status="PASS" signature="ManagerAccess()[pri:0, instance:com.moodys.meerqats.testcases.LoginAsManager@18be83e4]" name="ManagerAccess" duration-ms="5253" started-at="2020-07-22T14:20:32Z" finished-at="2020-07-22T14:20:37Z">
          <reporter-output>
          </reporter-output>
        </test-method> <!-- ManagerAccess -->
        <test-method status="PASS" signature="teardown()[pri:0, instance:com.moodys.meerqats.testcases.LoginAsManager@18be83e4]" name="teardown" is-config="true" duration-ms="1264" started-at="2020-07-22T14:20:37Z" finished-at="2020-07-22T14:20:38Z">
          <reporter-output>
          </reporter-output>
        </test-method> <!-- teardown -->
      </class> <!-- com.moodys.meerqats.testcases.LoginAsManager -->
    </test> <!-- BasicFunctionality -->
  </suite> <!-- MeerQATS -->
</testng-results>
